INFO - 2024-01-24 14:43:17 --> Session: Class initialized using 'CodeIgniter\Session\Handlers\FileHandler' driver.
INFO - 2024-01-24 14:43:25 --> Session: Class initialized using 'CodeIgniter\Session\Handlers\FileHandler' driver.
INFO - 2024-01-24 14:43:28 --> Session: Class initialized using 'CodeIgniter\Session\Handlers\FileHandler' driver.
INFO - 2024-01-24 14:45:25 --> Session: Class initialized using 'CodeIgniter\Session\Handlers\FileHandler' driver.
INFO - 2024-01-24 14:45:25 --> Session: Class initialized using 'CodeIgniter\Session\Handlers\FileHandler' driver.
INFO - 2024-01-24 14:45:35 --> Session: Class initialized using 'CodeIgniter\Session\Handlers\FileHandler' driver.
INFO - 2024-01-24 14:45:37 --> Session: Class initialized using 'CodeIgniter\Session\Handlers\FileHandler' driver.
ERROR - 2024-01-24 14:45:47 --> mysqli_sql_exception: Table 'minimarket.tbl_pengurus' doesn't exist in D:\Kuliah\Semester 5\Web 2\Minimarket\system\Database\MySQLi\Connection.php:306
Stack trace:
#0 D:\Kuliah\Semester 5\Web 2\Minimarket\system\Database\MySQLi\Connection.php(306): mysqli->query('SELECT *\nFROM `...', 0)
#1 D:\Kuliah\Semester 5\Web 2\Minimarket\system\Database\BaseConnection.php(692): CodeIgniter\Database\MySQLi\Connection->execute('SELECT *\nFROM `...')
#2 D:\Kuliah\Semester 5\Web 2\Minimarket\system\Database\BaseConnection.php(606): CodeIgniter\Database\BaseConnection->simpleQuery('SELECT *\nFROM `...')
#3 D:\Kuliah\Semester 5\Web 2\Minimarket\system\Database\BaseBuilder.php(1615): CodeIgniter\Database\BaseConnection->query('SELECT *\nFROM `...', Array, false)
#4 D:\Kuliah\Semester 5\Web 2\Minimarket\app\Models\ModelPengurus.php(11): CodeIgniter\Database\BaseBuilder->get()
#5 D:\Kuliah\Semester 5\Web 2\Minimarket\app\Controllers\Pengurus.php(12): App\Models\ModelPengurus->getPengurus()
#6 D:\Kuliah\Semester 5\Web 2\Minimarket\system\CodeIgniter.php(919): App\Controllers\Pengurus->index()
#7 D:\Kuliah\Semester 5\Web 2\Minimarket\system\CodeIgniter.php(494): CodeIgniter\CodeIgniter->runController(Object(App\Controllers\Pengurus))
#8 D:\Kuliah\Semester 5\Web 2\Minimarket\system\CodeIgniter.php(353): CodeIgniter\CodeIgniter->handleRequest(NULL, Object(Config\Cache), false)
#9 D:\Kuliah\Semester 5\Web 2\Minimarket\public\index.php(79): CodeIgniter\CodeIgniter->run()
#10 D:\Kuliah\Semester 5\Web 2\Minimarket\system\Commands\Server\rewrite.php(47): require_once('D:\\Kuliah\\Semes...')
#11 {main}
CRITICAL - 2024-01-24 14:45:47 --> Table 'minimarket.tbl_pengurus' doesn't exist
in SYSTEMPATH\Database\BaseConnection.php on line 646.
 1 SYSTEMPATH\Database\BaseBuilder.php(1615): CodeIgniter\Database\BaseConnection->query('SELECT *
FROM `tbl_pengurus`', [], false)
 2 APPPATH\Models\ModelPengurus.php(11): CodeIgniter\Database\BaseBuilder->get()
 3 APPPATH\Controllers\Pengurus.php(12): App\Models\ModelPengurus->getPengurus()
 4 SYSTEMPATH\CodeIgniter.php(919): App\Controllers\Pengurus->index()
 5 SYSTEMPATH\CodeIgniter.php(494): CodeIgniter\CodeIgniter->runController(Object(App\Controllers\Pengurus))
 6 SYSTEMPATH\CodeIgniter.php(353): CodeIgniter\CodeIgniter->handleRequest(null, Object(Config\Cache), false)
 7 FCPATH\index.php(79): CodeIgniter\CodeIgniter->run()
 8 SYSTEMPATH\Commands\Server\rewrite.php(47): require_once('D:\\Kuliah\\Semester 5\\Web 2\\Minimarket\\public\\index.php')
