ERROR - 2023-11-30 03:53:37 --> Error connecting to the database: mysqli_sql_exception: No connection could be made because the target machine actively refused it in D:\latihan1\system\Database\MySQLi\Connection.php:184
Stack trace:
#0 D:\latihan1\system\Database\MySQLi\Connection.php(184): mysqli->real_connect('localhost', 'root', Object(SensitiveParameterValue), 'dbmasjid2110016', 3306, '', 0)
#1 D:\latihan1\system\Database\BaseConnection.php(391): CodeIgniter\Database\MySQLi\Connection->connect(false)
#2 D:\latihan1\system\Database\BaseConnection.php(574): CodeIgniter\Database\BaseConnection->initialize()
#3 D:\latihan1\system\Database\BaseBuilder.php(1615): CodeIgniter\Database\BaseConnection->query('SELECT *\nFROM `...', Array, false)
#4 D:\latihan1\app\Models\ModelPengurus.php(11): CodeIgniter\Database\BaseBuilder->get()
#5 D:\latihan1\app\Controllers\Pengurus.php(12): App\Models\ModelPengurus->getPengurus()
#6 D:\latihan1\system\CodeIgniter.php(919): App\Controllers\Pengurus->index()
#7 D:\latihan1\system\CodeIgniter.php(494): CodeIgniter\CodeIgniter->runController(Object(App\Controllers\Pengurus))
#8 D:\latihan1\system\CodeIgniter.php(353): CodeIgniter\CodeIgniter->handleRequest(NULL, Object(Config\Cache), false)
#9 D:\latihan1\public\index.php(79): CodeIgniter\CodeIgniter->run()
#10 D:\latihan1\system\Commands\Server\rewrite.php(47): require_once('D:\\latihan1\\pub...')
#11 {main}

Next CodeIgniter\Database\Exceptions\DatabaseException: No connection could be made because the target machine actively refused it in D:\latihan1\system\Database\MySQLi\Connection.php:229
Stack trace:
#0 D:\latihan1\system\Database\BaseConnection.php(391): CodeIgniter\Database\MySQLi\Connection->connect(false)
#1 D:\latihan1\system\Database\BaseConnection.php(574): CodeIgniter\Database\BaseConnection->initialize()
#2 D:\latihan1\system\Database\BaseBuilder.php(1615): CodeIgniter\Database\BaseConnection->query('SELECT *\nFROM `...', Array, false)
#3 D:\latihan1\app\Models\ModelPengurus.php(11): CodeIgniter\Database\BaseBuilder->get()
#4 D:\latihan1\app\Controllers\Pengurus.php(12): App\Models\ModelPengurus->getPengurus()
#5 D:\latihan1\system\CodeIgniter.php(919): App\Controllers\Pengurus->index()
#6 D:\latihan1\system\CodeIgniter.php(494): CodeIgniter\CodeIgniter->runController(Object(App\Controllers\Pengurus))
#7 D:\latihan1\system\CodeIgniter.php(353): CodeIgniter\CodeIgniter->handleRequest(NULL, Object(Config\Cache), false)
#8 D:\latihan1\public\index.php(79): CodeIgniter\CodeIgniter->run()
#9 D:\latihan1\system\Commands\Server\rewrite.php(47): require_once('D:\\latihan1\\pub...')
#10 {main}
CRITICAL - 2023-11-30 03:53:37 --> Unable to connect to the database.
Main connection [MySQLi]: No connection could be made because the target machine actively refused it
in SYSTEMPATH\Database\BaseConnection.php on line 427.
 1 SYSTEMPATH\Database\BaseConnection.php(574): CodeIgniter\Database\BaseConnection->initialize()
 2 SYSTEMPATH\Database\BaseBuilder.php(1615): CodeIgniter\Database\BaseConnection->query('SELECT *
FROM `tbl_pengurus`', [], false)
 3 APPPATH\Models\ModelPengurus.php(11): CodeIgniter\Database\BaseBuilder->get()
 4 APPPATH\Controllers\Pengurus.php(12): App\Models\ModelPengurus->getPengurus()
 5 SYSTEMPATH\CodeIgniter.php(919): App\Controllers\Pengurus->index()
 6 SYSTEMPATH\CodeIgniter.php(494): CodeIgniter\CodeIgniter->runController(Object(App\Controllers\Pengurus))
 7 SYSTEMPATH\CodeIgniter.php(353): CodeIgniter\CodeIgniter->handleRequest(null, Object(Config\Cache), false)
 8 FCPATH\index.php(79): CodeIgniter\CodeIgniter->run()
 9 SYSTEMPATH\Commands\Server\rewrite.php(47): require_once('D:\\latihan1\\public\\index.php')
ERROR - 2023-11-30 03:56:01 --> Error connecting to the database: mysqli_sql_exception: No connection could be made because the target machine actively refused it in D:\latihan1\system\Database\MySQLi\Connection.php:184
Stack trace:
#0 D:\latihan1\system\Database\MySQLi\Connection.php(184): mysqli->real_connect('localhost', 'root', Object(SensitiveParameterValue), 'dbmasjid2110016', 3306, '', 0)
#1 D:\latihan1\system\Database\BaseConnection.php(391): CodeIgniter\Database\MySQLi\Connection->connect(false)
#2 D:\latihan1\system\Database\BaseConnection.php(574): CodeIgniter\Database\BaseConnection->initialize()
#3 D:\latihan1\system\Database\BaseBuilder.php(1615): CodeIgniter\Database\BaseConnection->query('SELECT *\nFROM `...', Array, false)
#4 D:\latihan1\app\Models\ModelPengurus.php(11): CodeIgniter\Database\BaseBuilder->get()
#5 D:\latihan1\app\Controllers\Pengurus.php(12): App\Models\ModelPengurus->getPengurus()
#6 D:\latihan1\system\CodeIgniter.php(919): App\Controllers\Pengurus->index()
#7 D:\latihan1\system\CodeIgniter.php(494): CodeIgniter\CodeIgniter->runController(Object(App\Controllers\Pengurus))
#8 D:\latihan1\system\CodeIgniter.php(353): CodeIgniter\CodeIgniter->handleRequest(NULL, Object(Config\Cache), false)
#9 D:\latihan1\public\index.php(79): CodeIgniter\CodeIgniter->run()
#10 D:\latihan1\system\Commands\Server\rewrite.php(47): require_once('D:\\latihan1\\pub...')
#11 {main}

Next CodeIgniter\Database\Exceptions\DatabaseException: No connection could be made because the target machine actively refused it in D:\latihan1\system\Database\MySQLi\Connection.php:229
Stack trace:
#0 D:\latihan1\system\Database\BaseConnection.php(391): CodeIgniter\Database\MySQLi\Connection->connect(false)
#1 D:\latihan1\system\Database\BaseConnection.php(574): CodeIgniter\Database\BaseConnection->initialize()
#2 D:\latihan1\system\Database\BaseBuilder.php(1615): CodeIgniter\Database\BaseConnection->query('SELECT *\nFROM `...', Array, false)
#3 D:\latihan1\app\Models\ModelPengurus.php(11): CodeIgniter\Database\BaseBuilder->get()
#4 D:\latihan1\app\Controllers\Pengurus.php(12): App\Models\ModelPengurus->getPengurus()
#5 D:\latihan1\system\CodeIgniter.php(919): App\Controllers\Pengurus->index()
#6 D:\latihan1\system\CodeIgniter.php(494): CodeIgniter\CodeIgniter->runController(Object(App\Controllers\Pengurus))
#7 D:\latihan1\system\CodeIgniter.php(353): CodeIgniter\CodeIgniter->handleRequest(NULL, Object(Config\Cache), false)
#8 D:\latihan1\public\index.php(79): CodeIgniter\CodeIgniter->run()
#9 D:\latihan1\system\Commands\Server\rewrite.php(47): require_once('D:\\latihan1\\pub...')
#10 {main}
CRITICAL - 2023-11-30 03:56:01 --> Unable to connect to the database.
Main connection [MySQLi]: No connection could be made because the target machine actively refused it
in SYSTEMPATH\Database\BaseConnection.php on line 427.
 1 SYSTEMPATH\Database\BaseConnection.php(574): CodeIgniter\Database\BaseConnection->initialize()
 2 SYSTEMPATH\Database\BaseBuilder.php(1615): CodeIgniter\Database\BaseConnection->query('SELECT *
FROM `tbl_pengurus`', [], false)
 3 APPPATH\Models\ModelPengurus.php(11): CodeIgniter\Database\BaseBuilder->get()
 4 APPPATH\Controllers\Pengurus.php(12): App\Models\ModelPengurus->getPengurus()
 5 SYSTEMPATH\CodeIgniter.php(919): App\Controllers\Pengurus->index()
 6 SYSTEMPATH\CodeIgniter.php(494): CodeIgniter\CodeIgniter->runController(Object(App\Controllers\Pengurus))
 7 SYSTEMPATH\CodeIgniter.php(353): CodeIgniter\CodeIgniter->handleRequest(null, Object(Config\Cache), false)
 8 FCPATH\index.php(79): CodeIgniter\CodeIgniter->run()
 9 SYSTEMPATH\Commands\Server\rewrite.php(47): require_once('D:\\latihan1\\public\\index.php')
