CRITICAL - 2023-11-08 04:28:00 --> Uninitialized string offset 0
in SYSTEMPATH\CodeIgniter.php on line 877.
 1 SYSTEMPATH\CodeIgniter.php(877): CodeIgniter\Debug\Exceptions->errorHandler(2, 'Uninitialized string offset 0', 'D:\\Kuliah\\Semester 5\\Web 2\\latihan1\\system\\CodeIgniter.php', 877)
 2 SYSTEMPATH\CodeIgniter.php(481): CodeIgniter\CodeIgniter->startController()
 3 SYSTEMPATH\CodeIgniter.php(353): CodeIgniter\CodeIgniter->handleRequest(null, Object(Config\Cache), false)
 4 FCPATH\index.php(79): CodeIgniter\CodeIgniter->run()
 5 SYSTEMPATH\Commands\Server\rewrite.php(47): require_once('D:\\Kuliah\\Semester 5\\Web 2\\latihan1\\public\\index.php')
CRITICAL - 2023-11-08 04:28:01 --> Uninitialized string offset 0
in SYSTEMPATH\CodeIgniter.php on line 877.
 1 SYSTEMPATH\CodeIgniter.php(877): CodeIgniter\Debug\Exceptions->errorHandler(2, 'Uninitialized string offset 0', 'D:\\Kuliah\\Semester 5\\Web 2\\latihan1\\system\\CodeIgniter.php', 877)
 2 SYSTEMPATH\CodeIgniter.php(481): CodeIgniter\CodeIgniter->startController()
 3 SYSTEMPATH\CodeIgniter.php(353): CodeIgniter\CodeIgniter->handleRequest(null, Object(Config\Cache), false)
 4 FCPATH\index.php(79): CodeIgniter\CodeIgniter->run()
 5 SYSTEMPATH\Commands\Server\rewrite.php(47): require_once('D:\\Kuliah\\Semester 5\\Web 2\\latihan1\\public\\index.php')
CRITICAL - 2023-11-08 04:38:14 --> syntax error, unexpected token "<"
in APPPATH\Views\layout\main.php on line 13.
 1 SYSTEMPATH\View\View.php(229): CodeIgniter\View\View->CodeIgniter\View\{closure}()
 2 SYSTEMPATH\Common.php(1188): CodeIgniter\View\View->render('layout/main', [], true)
 3 APPPATH\Controllers\Layout.php(8): view('layout/main')
 4 SYSTEMPATH\CodeIgniter.php(919): App\Controllers\Layout->index()
 5 SYSTEMPATH\CodeIgniter.php(494): CodeIgniter\CodeIgniter->runController(Object(App\Controllers\Layout))
 6 SYSTEMPATH\CodeIgniter.php(353): CodeIgniter\CodeIgniter->handleRequest(null, Object(Config\Cache), false)
 7 FCPATH\index.php(79): CodeIgniter\CodeIgniter->run()
 8 SYSTEMPATH\Commands\Server\rewrite.php(47): require_once('D:\\Kuliah\\Semester 5\\Web 2\\latihan1\\public\\index.php')
CRITICAL - 2023-11-08 04:39:21 --> syntax error, unexpected token "<"
in APPPATH\Views\layout\main.php on line 13.
 1 SYSTEMPATH\View\View.php(229): CodeIgniter\View\View->CodeIgniter\View\{closure}()
 2 SYSTEMPATH\Common.php(1188): CodeIgniter\View\View->render('layout/main', [], true)
 3 APPPATH\Controllers\Layout.php(8): view('layout/main')
 4 SYSTEMPATH\CodeIgniter.php(919): App\Controllers\Layout->index()
 5 SYSTEMPATH\CodeIgniter.php(494): CodeIgniter\CodeIgniter->runController(Object(App\Controllers\Layout))
 6 SYSTEMPATH\CodeIgniter.php(353): CodeIgniter\CodeIgniter->handleRequest(null, Object(Config\Cache), false)
 7 FCPATH\index.php(79): CodeIgniter\CodeIgniter->run()
 8 SYSTEMPATH\Commands\Server\rewrite.php(47): require_once('D:\\Kuliah\\Semester 5\\Web 2\\latihan1\\public\\index.php')
CRITICAL - 2023-11-08 04:39:57 --> syntax error, unexpected token ";"
in APPPATH\Views\layout\main.php on line 13.
 1 SYSTEMPATH\View\View.php(229): CodeIgniter\View\View->CodeIgniter\View\{closure}()
 2 SYSTEMPATH\Common.php(1188): CodeIgniter\View\View->render('layout/main', [], true)
 3 APPPATH\Controllers\Layout.php(8): view('layout/main')
 4 SYSTEMPATH\CodeIgniter.php(919): App\Controllers\Layout->index()
 5 SYSTEMPATH\CodeIgniter.php(494): CodeIgniter\CodeIgniter->runController(Object(App\Controllers\Layout))
 6 SYSTEMPATH\CodeIgniter.php(353): CodeIgniter\CodeIgniter->handleRequest(null, Object(Config\Cache), false)
 7 FCPATH\index.php(79): CodeIgniter\CodeIgniter->run()
 8 SYSTEMPATH\Commands\Server\rewrite.php(47): require_once('D:\\Kuliah\\Semester 5\\Web 2\\latihan1\\public\\index.php')
CRITICAL - 2023-11-08 04:51:54 --> Uninitialized string offset 0
in SYSTEMPATH\CodeIgniter.php on line 877.
 1 SYSTEMPATH\CodeIgniter.php(877): CodeIgniter\Debug\Exceptions->errorHandler(2, 'Uninitialized string offset 0', 'D:\\Kuliah\\Semester 5\\Web 2\\latihan1\\system\\CodeIgniter.php', 877)
 2 SYSTEMPATH\CodeIgniter.php(481): CodeIgniter\CodeIgniter->startController()
 3 SYSTEMPATH\CodeIgniter.php(353): CodeIgniter\CodeIgniter->handleRequest(null, Object(Config\Cache), false)
 4 FCPATH\index.php(79): CodeIgniter\CodeIgniter->run()
 5 SYSTEMPATH\Commands\Server\rewrite.php(47): require_once('D:\\Kuliah\\Semester 5\\Web 2\\latihan1\\public\\index.php')
CRITICAL - 2023-11-08 04:51:57 --> Uninitialized string offset 0
in SYSTEMPATH\CodeIgniter.php on line 877.
 1 SYSTEMPATH\CodeIgniter.php(877): CodeIgniter\Debug\Exceptions->errorHandler(2, 'Uninitialized string offset 0', 'D:\\Kuliah\\Semester 5\\Web 2\\latihan1\\system\\CodeIgniter.php', 877)
 2 SYSTEMPATH\CodeIgniter.php(481): CodeIgniter\CodeIgniter->startController()
 3 SYSTEMPATH\CodeIgniter.php(353): CodeIgniter\CodeIgniter->handleRequest(null, Object(Config\Cache), false)
 4 FCPATH\index.php(79): CodeIgniter\CodeIgniter->run()
 5 SYSTEMPATH\Commands\Server\rewrite.php(47): require_once('D:\\Kuliah\\Semester 5\\Web 2\\latihan1\\public\\index.php')
CRITICAL - 2023-11-08 04:54:48 --> Undefined property: CodeIgniter\View\View::$rendersection
in APPPATH\Views\layout\main.php on line 52.
 1 APPPATH\Views\layout\main.php(52): CodeIgniter\Debug\Exceptions->errorHandler(2, 'Undefined property: CodeIgniter\\View\\View::$rendersection', 'D:\\Kuliah\\Semester 5\\Web 2\\latihan1\\app\\Views\\layout\\main.php', 52)
 2 SYSTEMPATH\View\View.php(226): include('D:\\Kuliah\\Semester 5\\Web 2\\latihan1\\app\\Views\\layout\\main.php')
 3 SYSTEMPATH\View\View.php(229): CodeIgniter\View\View->CodeIgniter\View\{closure}()
 4 SYSTEMPATH\Common.php(1188): CodeIgniter\View\View->render('layout/main', [], true)
 5 APPPATH\Controllers\Layout.php(8): view('layout/main')
 6 SYSTEMPATH\CodeIgniter.php(919): App\Controllers\Layout->index()
 7 SYSTEMPATH\CodeIgniter.php(494): CodeIgniter\CodeIgniter->runController(Object(App\Controllers\Layout))
 8 SYSTEMPATH\CodeIgniter.php(353): CodeIgniter\CodeIgniter->handleRequest(null, Object(Config\Cache), false)
 9 FCPATH\index.php(79): CodeIgniter\CodeIgniter->run()
10 SYSTEMPATH\Commands\Server\rewrite.php(47): require_once('D:\\Kuliah\\Semester 5\\Web 2\\latihan1\\public\\index.php')
CRITICAL - 2023-11-08 04:54:50 --> Undefined property: CodeIgniter\View\View::$rendersection
in APPPATH\Views\layout\main.php on line 52.
 1 APPPATH\Views\layout\main.php(52): CodeIgniter\Debug\Exceptions->errorHandler(2, 'Undefined property: CodeIgniter\\View\\View::$rendersection', 'D:\\Kuliah\\Semester 5\\Web 2\\latihan1\\app\\Views\\layout\\main.php', 52)
 2 SYSTEMPATH\View\View.php(226): include('D:\\Kuliah\\Semester 5\\Web 2\\latihan1\\app\\Views\\layout\\main.php')
 3 SYSTEMPATH\View\View.php(229): CodeIgniter\View\View->CodeIgniter\View\{closure}()
 4 SYSTEMPATH\Common.php(1188): CodeIgniter\View\View->render('layout/main', [], true)
 5 APPPATH\Controllers\Layout.php(8): view('layout/main')
 6 SYSTEMPATH\CodeIgniter.php(919): App\Controllers\Layout->index()
 7 SYSTEMPATH\CodeIgniter.php(494): CodeIgniter\CodeIgniter->runController(Object(App\Controllers\Layout))
 8 SYSTEMPATH\CodeIgniter.php(353): CodeIgniter\CodeIgniter->handleRequest(null, Object(Config\Cache), false)
 9 FCPATH\index.php(79): CodeIgniter\CodeIgniter->run()
10 SYSTEMPATH\Commands\Server\rewrite.php(47): require_once('D:\\Kuliah\\Semester 5\\Web 2\\latihan1\\public\\index.php')
