CRITICAL - 2023-10-18 04:46:29 --> syntax error, unexpected token ":", expecting "," or ";"
in APPPATH\Views\profilku.php on line 19.
 1 SYSTEMPATH\View\View.php(229): CodeIgniter\View\View->CodeIgniter\View\{closure}()
 2 SYSTEMPATH\Common.php(1188): CodeIgniter\View\View->render('profilku', [], true)
 3 APPPATH\Controllers\Mahasiswa.php(9): view('profilku')
 4 SYSTEMPATH\CodeIgniter.php(919): App\Controllers\Mahasiswa->index()
 5 SYSTEMPATH\CodeIgniter.php(494): CodeIgniter\CodeIgniter->runController(Object(App\Controllers\Mahasiswa))
 6 SYSTEMPATH\CodeIgniter.php(353): CodeIgniter\CodeIgniter->handleRequest(null, Object(Config\Cache), false)
 7 FCPATH\index.php(79): CodeIgniter\CodeIgniter->run()
CRITICAL - 2023-10-18 04:47:07 --> syntax error, unexpected token ":", expecting "," or ";"
in APPPATH\Views\profilku.php on line 19.
 1 SYSTEMPATH\View\View.php(229): CodeIgniter\View\View->CodeIgniter\View\{closure}()
 2 SYSTEMPATH\Common.php(1188): CodeIgniter\View\View->render('profilku', [], true)
 3 APPPATH\Controllers\Mahasiswa.php(9): view('profilku')
 4 SYSTEMPATH\CodeIgniter.php(919): App\Controllers\Mahasiswa->index()
 5 SYSTEMPATH\CodeIgniter.php(494): CodeIgniter\CodeIgniter->runController(Object(App\Controllers\Mahasiswa))
 6 SYSTEMPATH\CodeIgniter.php(353): CodeIgniter\CodeIgniter->handleRequest(null, Object(Config\Cache), false)
 7 FCPATH\index.php(79): CodeIgniter\CodeIgniter->run()
CRITICAL - 2023-10-18 04:47:09 --> syntax error, unexpected token ":", expecting "," or ";"
in APPPATH\Views\profilku.php on line 19.
 1 SYSTEMPATH\View\View.php(229): CodeIgniter\View\View->CodeIgniter\View\{closure}()
 2 SYSTEMPATH\Common.php(1188): CodeIgniter\View\View->render('profilku', [], true)
 3 APPPATH\Controllers\Mahasiswa.php(9): view('profilku')
 4 SYSTEMPATH\CodeIgniter.php(919): App\Controllers\Mahasiswa->index()
 5 SYSTEMPATH\CodeIgniter.php(494): CodeIgniter\CodeIgniter->runController(Object(App\Controllers\Mahasiswa))
 6 SYSTEMPATH\CodeIgniter.php(353): CodeIgniter\CodeIgniter->handleRequest(null, Object(Config\Cache), false)
 7 FCPATH\index.php(79): CodeIgniter\CodeIgniter->run()
CRITICAL - 2023-10-18 04:47:10 --> syntax error, unexpected token ":", expecting "," or ";"
in APPPATH\Views\profilku.php on line 19.
 1 SYSTEMPATH\View\View.php(229): CodeIgniter\View\View->CodeIgniter\View\{closure}()
 2 SYSTEMPATH\Common.php(1188): CodeIgniter\View\View->render('profilku', [], true)
 3 APPPATH\Controllers\Mahasiswa.php(9): view('profilku')
 4 SYSTEMPATH\CodeIgniter.php(919): App\Controllers\Mahasiswa->index()
 5 SYSTEMPATH\CodeIgniter.php(494): CodeIgniter\CodeIgniter->runController(Object(App\Controllers\Mahasiswa))
 6 SYSTEMPATH\CodeIgniter.php(353): CodeIgniter\CodeIgniter->handleRequest(null, Object(Config\Cache), false)
 7 FCPATH\index.php(79): CodeIgniter\CodeIgniter->run()
