ERROR - 2023-11-04 05:09:02 --> Error connecting to the database: mysqli_sql_exception: No connection could be made because the target machine actively refused it in D:\Kuliah\Semester 5\Web 2\latihan1\system\Database\MySQLi\Connection.php:184
Stack trace:
#0 D:\Kuliah\Semester 5\Web 2\latihan1\system\Database\MySQLi\Connection.php(184): mysqli->real_connect('localhost', 'root', Object(SensitiveParameterValue), 'dbstmik', 3306, '', 0)
#1 D:\Kuliah\Semester 5\Web 2\latihan1\system\Database\BaseConnection.php(391): CodeIgniter\Database\MySQLi\Connection->connect(false)
#2 D:\Kuliah\Semester 5\Web 2\latihan1\system\Database\BaseConnection.php(574): CodeIgniter\Database\BaseConnection->initialize()
#3 D:\Kuliah\Semester 5\Web 2\latihan1\system\Database\BaseBuilder.php(2308): CodeIgniter\Database\BaseConnection->query('INSERT INTO `sp...', Array, false)
#4 D:\Kuliah\Semester 5\Web 2\latihan1\app\Controllers\Home.php(89): CodeIgniter\Database\BaseBuilder->insert(Array)
#5 D:\Kuliah\Semester 5\Web 2\latihan1\system\CodeIgniter.php(919): App\Controllers\Home->simpan()
#6 D:\Kuliah\Semester 5\Web 2\latihan1\system\CodeIgniter.php(494): CodeIgniter\CodeIgniter->runController(Object(App\Controllers\Home))
#7 D:\Kuliah\Semester 5\Web 2\latihan1\system\CodeIgniter.php(353): CodeIgniter\CodeIgniter->handleRequest(NULL, Object(Config\Cache), false)
#8 D:\Kuliah\Semester 5\Web 2\latihan1\public\index.php(79): CodeIgniter\CodeIgniter->run()
#9 D:\Kuliah\Semester 5\Web 2\latihan1\system\Commands\Server\rewrite.php(47): require_once('D:\\Kuliah\\Semes...')
#10 {main}

Next CodeIgniter\Database\Exceptions\DatabaseException: No connection could be made because the target machine actively refused it in D:\Kuliah\Semester 5\Web 2\latihan1\system\Database\MySQLi\Connection.php:229
Stack trace:
#0 D:\Kuliah\Semester 5\Web 2\latihan1\system\Database\BaseConnection.php(391): CodeIgniter\Database\MySQLi\Connection->connect(false)
#1 D:\Kuliah\Semester 5\Web 2\latihan1\system\Database\BaseConnection.php(574): CodeIgniter\Database\BaseConnection->initialize()
#2 D:\Kuliah\Semester 5\Web 2\latihan1\system\Database\BaseBuilder.php(2308): CodeIgniter\Database\BaseConnection->query('INSERT INTO `sp...', Array, false)
#3 D:\Kuliah\Semester 5\Web 2\latihan1\app\Controllers\Home.php(89): CodeIgniter\Database\BaseBuilder->insert(Array)
#4 D:\Kuliah\Semester 5\Web 2\latihan1\system\CodeIgniter.php(919): App\Controllers\Home->simpan()
#5 D:\Kuliah\Semester 5\Web 2\latihan1\system\CodeIgniter.php(494): CodeIgniter\CodeIgniter->runController(Object(App\Controllers\Home))
#6 D:\Kuliah\Semester 5\Web 2\latihan1\system\CodeIgniter.php(353): CodeIgniter\CodeIgniter->handleRequest(NULL, Object(Config\Cache), false)
#7 D:\Kuliah\Semester 5\Web 2\latihan1\public\index.php(79): CodeIgniter\CodeIgniter->run()
#8 D:\Kuliah\Semester 5\Web 2\latihan1\system\Commands\Server\rewrite.php(47): require_once('D:\\Kuliah\\Semes...')
#9 {main}
CRITICAL - 2023-11-04 05:09:02 --> Unable to connect to the database.
Main connection [MySQLi]: No connection could be made because the target machine actively refused it
in SYSTEMPATH\Database\BaseConnection.php on line 427.
 1 SYSTEMPATH\Database\BaseConnection.php(574): CodeIgniter\Database\BaseConnection->initialize()
 2 SYSTEMPATH\Database\BaseBuilder.php(2308): CodeIgniter\Database\BaseConnection->query('INSERT INTO `sppd` (`kode`, `agenda`, `btransportasi`, `bpenginapan`, `bpokok`, `total`) VALUES (:kode:, :agenda:, :btransportasi:, :bpenginapan:, :bpokok:, :total:)', [...], false)
 3 APPPATH\Controllers\Home.php(89): CodeIgniter\Database\BaseBuilder->insert([...])
 4 SYSTEMPATH\CodeIgniter.php(919): App\Controllers\Home->simpan()
 5 SYSTEMPATH\CodeIgniter.php(494): CodeIgniter\CodeIgniter->runController(Object(App\Controllers\Home))
 6 SYSTEMPATH\CodeIgniter.php(353): CodeIgniter\CodeIgniter->handleRequest(null, Object(Config\Cache), false)
 7 FCPATH\index.php(79): CodeIgniter\CodeIgniter->run()
 8 SYSTEMPATH\Commands\Server\rewrite.php(47): require_once('D:\\Kuliah\\Semester 5\\Web 2\\latihan1\\public\\index.php')
ERROR - 2023-11-04 05:09:44 --> mysqli_sql_exception: Duplicate entry 'K001' for key 'PRIMARY' in D:\Kuliah\Semester 5\Web 2\latihan1\system\Database\MySQLi\Connection.php:306
Stack trace:
#0 D:\Kuliah\Semester 5\Web 2\latihan1\system\Database\MySQLi\Connection.php(306): mysqli->query('INSERT INTO `sp...', 0)
#1 D:\Kuliah\Semester 5\Web 2\latihan1\system\Database\BaseConnection.php(692): CodeIgniter\Database\MySQLi\Connection->execute('INSERT INTO `sp...')
#2 D:\Kuliah\Semester 5\Web 2\latihan1\system\Database\BaseConnection.php(606): CodeIgniter\Database\BaseConnection->simpleQuery('INSERT INTO `sp...')
#3 D:\Kuliah\Semester 5\Web 2\latihan1\system\Database\BaseBuilder.php(2308): CodeIgniter\Database\BaseConnection->query('INSERT INTO `sp...', Array, false)
#4 D:\Kuliah\Semester 5\Web 2\latihan1\app\Controllers\Home.php(89): CodeIgniter\Database\BaseBuilder->insert(Array)
#5 D:\Kuliah\Semester 5\Web 2\latihan1\system\CodeIgniter.php(919): App\Controllers\Home->simpan()
#6 D:\Kuliah\Semester 5\Web 2\latihan1\system\CodeIgniter.php(494): CodeIgniter\CodeIgniter->runController(Object(App\Controllers\Home))
#7 D:\Kuliah\Semester 5\Web 2\latihan1\system\CodeIgniter.php(353): CodeIgniter\CodeIgniter->handleRequest(NULL, Object(Config\Cache), false)
#8 D:\Kuliah\Semester 5\Web 2\latihan1\public\index.php(79): CodeIgniter\CodeIgniter->run()
#9 D:\Kuliah\Semester 5\Web 2\latihan1\system\Commands\Server\rewrite.php(47): require_once('D:\\Kuliah\\Semes...')
#10 {main}
CRITICAL - 2023-11-04 05:09:44 --> Duplicate entry 'K001' for key 'PRIMARY'
in SYSTEMPATH\Database\BaseConnection.php on line 646.
 1 SYSTEMPATH\Database\BaseBuilder.php(2308): CodeIgniter\Database\BaseConnection->query('INSERT INTO `sppd` (`kode`, `agenda`, `btransportasi`, `bpenginapan`, `bpokok`, `total`) VALUES (:kode:, :agenda:, :btransportasi:, :bpenginapan:, :bpokok:, :total:)', [...], false)
 2 APPPATH\Controllers\Home.php(89): CodeIgniter\Database\BaseBuilder->insert([...])
 3 SYSTEMPATH\CodeIgniter.php(919): App\Controllers\Home->simpan()
 4 SYSTEMPATH\CodeIgniter.php(494): CodeIgniter\CodeIgniter->runController(Object(App\Controllers\Home))
 5 SYSTEMPATH\CodeIgniter.php(353): CodeIgniter\CodeIgniter->handleRequest(null, Object(Config\Cache), false)
 6 FCPATH\index.php(79): CodeIgniter\CodeIgniter->run()
 7 SYSTEMPATH\Commands\Server\rewrite.php(47): require_once('D:\\Kuliah\\Semester 5\\Web 2\\latihan1\\public\\index.php')
