CRITICAL - 2023-11-15 04:18:58 --> Call to undefined method App\Controllers\Pengurus::getPengurus()
in APPPATH\Controllers\Pengurus.php on line 10.
 1 SYSTEMPATH\CodeIgniter.php(919): App\Controllers\Pengurus->index()
 2 SYSTEMPATH\CodeIgniter.php(494): CodeIgniter\CodeIgniter->runController(Object(App\Controllers\Pengurus))
 3 SYSTEMPATH\CodeIgniter.php(353): CodeIgniter\CodeIgniter->handleRequest(null, Object(Config\Cache), false)
 4 FCPATH\index.php(79): CodeIgniter\CodeIgniter->run()
 5 SYSTEMPATH\Commands\Server\rewrite.php(47): require_once('D:\\Kuliah\\Semester 5\\Web 2\\latihan1\\public\\index.php')
CRITICAL - 2023-11-15 04:20:10 --> Call to undefined method App\Controllers\Pengurus::getPengurus()
in APPPATH\Controllers\Pengurus.php on line 10.
 1 SYSTEMPATH\CodeIgniter.php(919): App\Controllers\Pengurus->index()
 2 SYSTEMPATH\CodeIgniter.php(494): CodeIgniter\CodeIgniter->runController(Object(App\Controllers\Pengurus))
 3 SYSTEMPATH\CodeIgniter.php(353): CodeIgniter\CodeIgniter->handleRequest(null, Object(Config\Cache), false)
 4 FCPATH\index.php(79): CodeIgniter\CodeIgniter->run()
 5 SYSTEMPATH\Commands\Server\rewrite.php(47): require_once('D:\\Kuliah\\Semester 5\\Web 2\\latihan1\\public\\index.php')
CRITICAL - 2023-11-15 04:21:16 --> Class "App\Controllers\ModelPengurus" not found
in APPPATH\Controllers\Pengurus.php on line 9.
 1 SYSTEMPATH\CodeIgniter.php(919): App\Controllers\Pengurus->index()
 2 SYSTEMPATH\CodeIgniter.php(494): CodeIgniter\CodeIgniter->runController(Object(App\Controllers\Pengurus))
 3 SYSTEMPATH\CodeIgniter.php(353): CodeIgniter\CodeIgniter->handleRequest(null, Object(Config\Cache), false)
 4 FCPATH\index.php(79): CodeIgniter\CodeIgniter->run()
 5 SYSTEMPATH\Commands\Server\rewrite.php(47): require_once('D:\\Kuliah\\Semester 5\\Web 2\\latihan1\\public\\index.php')
CRITICAL - 2023-11-15 04:22:12 --> Class "CodeIgniter\ModelPengurus" not found
in APPPATH\Controllers\Pengurus.php on line 11.
 1 SYSTEMPATH\CodeIgniter.php(919): App\Controllers\Pengurus->index()
 2 SYSTEMPATH\CodeIgniter.php(494): CodeIgniter\CodeIgniter->runController(Object(App\Controllers\Pengurus))
 3 SYSTEMPATH\CodeIgniter.php(353): CodeIgniter\CodeIgniter->handleRequest(null, Object(Config\Cache), false)
 4 FCPATH\index.php(79): CodeIgniter\CodeIgniter->run()
 5 SYSTEMPATH\Commands\Server\rewrite.php(47): require_once('D:\\Kuliah\\Semester 5\\Web 2\\latihan1\\public\\index.php')
CRITICAL - 2023-11-15 04:22:55 --> Class "App\Models\Pengurus" not found
in APPPATH\Models\ModelPengurus.php on line 10.
 1 APPPATH\Controllers\Pengurus.php(12): App\Models\ModelPengurus->getPengurus()
 2 SYSTEMPATH\CodeIgniter.php(919): App\Controllers\Pengurus->index()
 3 SYSTEMPATH\CodeIgniter.php(494): CodeIgniter\CodeIgniter->runController(Object(App\Controllers\Pengurus))
 4 SYSTEMPATH\CodeIgniter.php(353): CodeIgniter\CodeIgniter->handleRequest(null, Object(Config\Cache), false)
 5 FCPATH\index.php(79): CodeIgniter\CodeIgniter->run()
 6 SYSTEMPATH\Commands\Server\rewrite.php(47): require_once('D:\\Kuliah\\Semester 5\\Web 2\\latihan1\\public\\index.php')
CRITICAL - 2023-11-15 04:24:25 --> syntax error, unexpected token "}", expecting ";"
in APPPATH\Models\ModelPengurus.php on line 12.
 1 SYSTEMPATH\Autoloader\Autoloader.php(285): CodeIgniter\Autoloader\Autoloader->includeFile('D:\\Kuliah\\Semester 5\\Web 2\\latihan1\\app\\Models\\ModelPengurus.php')
 2 SYSTEMPATH\Autoloader\Autoloader.php(263): CodeIgniter\Autoloader\Autoloader->loadInNamespace('App\\Models\\ModelPengurus')
 3 APPPATH\Controllers\Pengurus.php(11): CodeIgniter\Autoloader\Autoloader->loadClass('App\\Models\\ModelPengurus')
 4 SYSTEMPATH\CodeIgniter.php(919): App\Controllers\Pengurus->index()
 5 SYSTEMPATH\CodeIgniter.php(494): CodeIgniter\CodeIgniter->runController(Object(App\Controllers\Pengurus))
 6 SYSTEMPATH\CodeIgniter.php(353): CodeIgniter\CodeIgniter->handleRequest(null, Object(Config\Cache), false)
 7 FCPATH\index.php(79): CodeIgniter\CodeIgniter->run()
 8 SYSTEMPATH\Commands\Server\rewrite.php(47): require_once('D:\\Kuliah\\Semester 5\\Web 2\\latihan1\\public\\index.php')
ERROR - 2023-11-15 04:24:56 --> mysqli_sql_exception: Table 'toko.tbl_pengurus' doesn't exist in D:\Kuliah\Semester 5\Web 2\latihan1\system\Database\MySQLi\Connection.php:306
Stack trace:
#0 D:\Kuliah\Semester 5\Web 2\latihan1\system\Database\MySQLi\Connection.php(306): mysqli->query('SELECT *\nFROM `...', 0)
#1 D:\Kuliah\Semester 5\Web 2\latihan1\system\Database\BaseConnection.php(692): CodeIgniter\Database\MySQLi\Connection->execute('SELECT *\nFROM `...')
#2 D:\Kuliah\Semester 5\Web 2\latihan1\system\Database\BaseConnection.php(606): CodeIgniter\Database\BaseConnection->simpleQuery('SELECT *\nFROM `...')
#3 D:\Kuliah\Semester 5\Web 2\latihan1\system\Database\BaseBuilder.php(1615): CodeIgniter\Database\BaseConnection->query('SELECT *\nFROM `...', Array, false)
#4 D:\Kuliah\Semester 5\Web 2\latihan1\app\Models\ModelPengurus.php(11): CodeIgniter\Database\BaseBuilder->get()
#5 D:\Kuliah\Semester 5\Web 2\latihan1\app\Controllers\Pengurus.php(12): App\Models\ModelPengurus->getPengurus()
#6 D:\Kuliah\Semester 5\Web 2\latihan1\system\CodeIgniter.php(919): App\Controllers\Pengurus->index()
#7 D:\Kuliah\Semester 5\Web 2\latihan1\system\CodeIgniter.php(494): CodeIgniter\CodeIgniter->runController(Object(App\Controllers\Pengurus))
#8 D:\Kuliah\Semester 5\Web 2\latihan1\system\CodeIgniter.php(353): CodeIgniter\CodeIgniter->handleRequest(NULL, Object(Config\Cache), false)
#9 D:\Kuliah\Semester 5\Web 2\latihan1\public\index.php(79): CodeIgniter\CodeIgniter->run()
#10 D:\Kuliah\Semester 5\Web 2\latihan1\system\Commands\Server\rewrite.php(47): require_once('D:\\Kuliah\\Semes...')
#11 {main}
CRITICAL - 2023-11-15 04:24:56 --> Table 'toko.tbl_pengurus' doesn't exist
in SYSTEMPATH\Database\BaseConnection.php on line 646.
 1 SYSTEMPATH\Database\BaseBuilder.php(1615): CodeIgniter\Database\BaseConnection->query('SELECT *
FROM `tbl_pengurus`', [], false)
 2 APPPATH\Models\ModelPengurus.php(11): CodeIgniter\Database\BaseBuilder->get()
 3 APPPATH\Controllers\Pengurus.php(12): App\Models\ModelPengurus->getPengurus()
 4 SYSTEMPATH\CodeIgniter.php(919): App\Controllers\Pengurus->index()
 5 SYSTEMPATH\CodeIgniter.php(494): CodeIgniter\CodeIgniter->runController(Object(App\Controllers\Pengurus))
 6 SYSTEMPATH\CodeIgniter.php(353): CodeIgniter\CodeIgniter->handleRequest(null, Object(Config\Cache), false)
 7 FCPATH\index.php(79): CodeIgniter\CodeIgniter->run()
 8 SYSTEMPATH\Commands\Server\rewrite.php(47): require_once('D:\\Kuliah\\Semester 5\\Web 2\\latihan1\\public\\index.php')
ERROR - 2023-11-15 04:25:31 --> Error connecting to the database: mysqli_sql_exception: Unknown database 'dbmasjid' in D:\Kuliah\Semester 5\Web 2\latihan1\system\Database\MySQLi\Connection.php:184
Stack trace:
#0 D:\Kuliah\Semester 5\Web 2\latihan1\system\Database\MySQLi\Connection.php(184): mysqli->real_connect('localhost', 'root', Object(SensitiveParameterValue), 'dbmasjid', 3306, '', 0)
#1 D:\Kuliah\Semester 5\Web 2\latihan1\system\Database\BaseConnection.php(391): CodeIgniter\Database\MySQLi\Connection->connect(false)
#2 D:\Kuliah\Semester 5\Web 2\latihan1\system\Database\BaseConnection.php(574): CodeIgniter\Database\BaseConnection->initialize()
#3 D:\Kuliah\Semester 5\Web 2\latihan1\system\Database\BaseBuilder.php(1615): CodeIgniter\Database\BaseConnection->query('SELECT *\nFROM `...', Array, false)
#4 D:\Kuliah\Semester 5\Web 2\latihan1\app\Models\ModelPengurus.php(11): CodeIgniter\Database\BaseBuilder->get()
#5 D:\Kuliah\Semester 5\Web 2\latihan1\app\Controllers\Pengurus.php(12): App\Models\ModelPengurus->getPengurus()
#6 D:\Kuliah\Semester 5\Web 2\latihan1\system\CodeIgniter.php(919): App\Controllers\Pengurus->index()
#7 D:\Kuliah\Semester 5\Web 2\latihan1\system\CodeIgniter.php(494): CodeIgniter\CodeIgniter->runController(Object(App\Controllers\Pengurus))
#8 D:\Kuliah\Semester 5\Web 2\latihan1\system\CodeIgniter.php(353): CodeIgniter\CodeIgniter->handleRequest(NULL, Object(Config\Cache), false)
#9 D:\Kuliah\Semester 5\Web 2\latihan1\public\index.php(79): CodeIgniter\CodeIgniter->run()
#10 D:\Kuliah\Semester 5\Web 2\latihan1\system\Commands\Server\rewrite.php(47): require_once('D:\\Kuliah\\Semes...')
#11 {main}

Next CodeIgniter\Database\Exceptions\DatabaseException: Unknown database 'dbmasjid' in D:\Kuliah\Semester 5\Web 2\latihan1\system\Database\MySQLi\Connection.php:229
Stack trace:
#0 D:\Kuliah\Semester 5\Web 2\latihan1\system\Database\BaseConnection.php(391): CodeIgniter\Database\MySQLi\Connection->connect(false)
#1 D:\Kuliah\Semester 5\Web 2\latihan1\system\Database\BaseConnection.php(574): CodeIgniter\Database\BaseConnection->initialize()
#2 D:\Kuliah\Semester 5\Web 2\latihan1\system\Database\BaseBuilder.php(1615): CodeIgniter\Database\BaseConnection->query('SELECT *\nFROM `...', Array, false)
#3 D:\Kuliah\Semester 5\Web 2\latihan1\app\Models\ModelPengurus.php(11): CodeIgniter\Database\BaseBuilder->get()
#4 D:\Kuliah\Semester 5\Web 2\latihan1\app\Controllers\Pengurus.php(12): App\Models\ModelPengurus->getPengurus()
#5 D:\Kuliah\Semester 5\Web 2\latihan1\system\CodeIgniter.php(919): App\Controllers\Pengurus->index()
#6 D:\Kuliah\Semester 5\Web 2\latihan1\system\CodeIgniter.php(494): CodeIgniter\CodeIgniter->runController(Object(App\Controllers\Pengurus))
#7 D:\Kuliah\Semester 5\Web 2\latihan1\system\CodeIgniter.php(353): CodeIgniter\CodeIgniter->handleRequest(NULL, Object(Config\Cache), false)
#8 D:\Kuliah\Semester 5\Web 2\latihan1\public\index.php(79): CodeIgniter\CodeIgniter->run()
#9 D:\Kuliah\Semester 5\Web 2\latihan1\system\Commands\Server\rewrite.php(47): require_once('D:\\Kuliah\\Semes...')
#10 {main}
CRITICAL - 2023-11-15 04:25:31 --> Unable to connect to the database.
Main connection [MySQLi]: Unknown database 'dbmasjid'
in SYSTEMPATH\Database\BaseConnection.php on line 427.
 1 SYSTEMPATH\Database\BaseConnection.php(574): CodeIgniter\Database\BaseConnection->initialize()
 2 SYSTEMPATH\Database\BaseBuilder.php(1615): CodeIgniter\Database\BaseConnection->query('SELECT *
FROM `tbl_pengurus`', [], false)
 3 APPPATH\Models\ModelPengurus.php(11): CodeIgniter\Database\BaseBuilder->get()
 4 APPPATH\Controllers\Pengurus.php(12): App\Models\ModelPengurus->getPengurus()
 5 SYSTEMPATH\CodeIgniter.php(919): App\Controllers\Pengurus->index()
 6 SYSTEMPATH\CodeIgniter.php(494): CodeIgniter\CodeIgniter->runController(Object(App\Controllers\Pengurus))
 7 SYSTEMPATH\CodeIgniter.php(353): CodeIgniter\CodeIgniter->handleRequest(null, Object(Config\Cache), false)
 8 FCPATH\index.php(79): CodeIgniter\CodeIgniter->run()
 9 SYSTEMPATH\Commands\Server\rewrite.php(47): require_once('D:\\Kuliah\\Semester 5\\Web 2\\latihan1\\public\\index.php')
CRITICAL - 2023-11-15 06:16:53 --> Undefined variable $pengurus
in APPPATH\Views\user\v_user.php on line 47.
 1 APPPATH\Views\user\v_user.php(47): CodeIgniter\Debug\Exceptions->errorHandler(2, 'Undefined variable $pengurus', 'D:\\Kuliah\\Semester 5\\Web 2\\latihan1\\app\\Views\\user\\v_user.php', 47)
 2 SYSTEMPATH\View\View.php(226): include('D:\\Kuliah\\Semester 5\\Web 2\\latihan1\\app\\Views\\user\\v_user.php')
 3 SYSTEMPATH\View\View.php(229): CodeIgniter\View\View->CodeIgniter\View\{closure}()
 4 SYSTEMPATH\Common.php(1188): CodeIgniter\View\View->render('user/v_user', [], true)
 5 APPPATH\Controllers\User.php(13): view('user/v_user', [...])
 6 SYSTEMPATH\CodeIgniter.php(919): App\Controllers\User->index()
 7 SYSTEMPATH\CodeIgniter.php(494): CodeIgniter\CodeIgniter->runController(Object(App\Controllers\User))
 8 SYSTEMPATH\CodeIgniter.php(353): CodeIgniter\CodeIgniter->handleRequest(null, Object(Config\Cache), false)
 9 FCPATH\index.php(79): CodeIgniter\CodeIgniter->run()
10 SYSTEMPATH\Commands\Server\rewrite.php(47): require_once('D:\\Kuliah\\Semester 5\\Web 2\\latihan1\\public\\index.php')
ERROR - 2023-11-15 12:03:25 --> Error connecting to the database: mysqli_sql_exception: No connection could be made because the target machine actively refused it in D:\Kuliah\Semester 5\Web 2\latihan1\system\Database\MySQLi\Connection.php:184
Stack trace:
#0 D:\Kuliah\Semester 5\Web 2\latihan1\system\Database\MySQLi\Connection.php(184): mysqli->real_connect('localhost', 'root', Object(SensitiveParameterValue), 'dbmasjid2110016', 3306, '', 0)
#1 D:\Kuliah\Semester 5\Web 2\latihan1\system\Database\BaseConnection.php(391): CodeIgniter\Database\MySQLi\Connection->connect(false)
#2 D:\Kuliah\Semester 5\Web 2\latihan1\system\Database\BaseConnection.php(574): CodeIgniter\Database\BaseConnection->initialize()
#3 D:\Kuliah\Semester 5\Web 2\latihan1\system\Database\BaseBuilder.php(1615): CodeIgniter\Database\BaseConnection->query('SELECT *\nFROM `...', Array, false)
#4 D:\Kuliah\Semester 5\Web 2\latihan1\app\Models\ModelPengurus.php(11): CodeIgniter\Database\BaseBuilder->get()
#5 D:\Kuliah\Semester 5\Web 2\latihan1\app\Controllers\Pengurus.php(12): App\Models\ModelPengurus->getPengurus()
#6 D:\Kuliah\Semester 5\Web 2\latihan1\system\CodeIgniter.php(919): App\Controllers\Pengurus->index()
#7 D:\Kuliah\Semester 5\Web 2\latihan1\system\CodeIgniter.php(494): CodeIgniter\CodeIgniter->runController(Object(App\Controllers\Pengurus))
#8 D:\Kuliah\Semester 5\Web 2\latihan1\system\CodeIgniter.php(353): CodeIgniter\CodeIgniter->handleRequest(NULL, Object(Config\Cache), false)
#9 D:\Kuliah\Semester 5\Web 2\latihan1\public\index.php(79): CodeIgniter\CodeIgniter->run()
#10 D:\Kuliah\Semester 5\Web 2\latihan1\system\Commands\Server\rewrite.php(47): require_once('D:\\Kuliah\\Semes...')
#11 {main}

Next CodeIgniter\Database\Exceptions\DatabaseException: No connection could be made because the target machine actively refused it in D:\Kuliah\Semester 5\Web 2\latihan1\system\Database\MySQLi\Connection.php:229
Stack trace:
#0 D:\Kuliah\Semester 5\Web 2\latihan1\system\Database\BaseConnection.php(391): CodeIgniter\Database\MySQLi\Connection->connect(false)
#1 D:\Kuliah\Semester 5\Web 2\latihan1\system\Database\BaseConnection.php(574): CodeIgniter\Database\BaseConnection->initialize()
#2 D:\Kuliah\Semester 5\Web 2\latihan1\system\Database\BaseBuilder.php(1615): CodeIgniter\Database\BaseConnection->query('SELECT *\nFROM `...', Array, false)
#3 D:\Kuliah\Semester 5\Web 2\latihan1\app\Models\ModelPengurus.php(11): CodeIgniter\Database\BaseBuilder->get()
#4 D:\Kuliah\Semester 5\Web 2\latihan1\app\Controllers\Pengurus.php(12): App\Models\ModelPengurus->getPengurus()
#5 D:\Kuliah\Semester 5\Web 2\latihan1\system\CodeIgniter.php(919): App\Controllers\Pengurus->index()
#6 D:\Kuliah\Semester 5\Web 2\latihan1\system\CodeIgniter.php(494): CodeIgniter\CodeIgniter->runController(Object(App\Controllers\Pengurus))
#7 D:\Kuliah\Semester 5\Web 2\latihan1\system\CodeIgniter.php(353): CodeIgniter\CodeIgniter->handleRequest(NULL, Object(Config\Cache), false)
#8 D:\Kuliah\Semester 5\Web 2\latihan1\public\index.php(79): CodeIgniter\CodeIgniter->run()
#9 D:\Kuliah\Semester 5\Web 2\latihan1\system\Commands\Server\rewrite.php(47): require_once('D:\\Kuliah\\Semes...')
#10 {main}
CRITICAL - 2023-11-15 12:03:25 --> Unable to connect to the database.
Main connection [MySQLi]: No connection could be made because the target machine actively refused it
in SYSTEMPATH\Database\BaseConnection.php on line 427.
 1 SYSTEMPATH\Database\BaseConnection.php(574): CodeIgniter\Database\BaseConnection->initialize()
 2 SYSTEMPATH\Database\BaseBuilder.php(1615): CodeIgniter\Database\BaseConnection->query('SELECT *
FROM `tbl_pengurus`', [], false)
 3 APPPATH\Models\ModelPengurus.php(11): CodeIgniter\Database\BaseBuilder->get()
 4 APPPATH\Controllers\Pengurus.php(12): App\Models\ModelPengurus->getPengurus()
 5 SYSTEMPATH\CodeIgniter.php(919): App\Controllers\Pengurus->index()
 6 SYSTEMPATH\CodeIgniter.php(494): CodeIgniter\CodeIgniter->runController(Object(App\Controllers\Pengurus))
 7 SYSTEMPATH\CodeIgniter.php(353): CodeIgniter\CodeIgniter->handleRequest(null, Object(Config\Cache), false)
 8 FCPATH\index.php(79): CodeIgniter\CodeIgniter->run()
 9 SYSTEMPATH\Commands\Server\rewrite.php(47): require_once('D:\\Kuliah\\Semester 5\\Web 2\\latihan1\\public\\index.php')
